Connecting to database specified by database.yml
Connecting to database specified by database.yml
Connecting to database specified by database.yml
Connecting to database specified by database.yml
  [1m[36m (415.5ms)[0m  [1mCREATE TABLE `schema_migrations` (`version` varchar(255) NOT NULL) ENGINE=InnoDB[0m
  [1m[35m (341.8ms)[0m  CREATE UNIQUE INDEX `unique_schema_migrations` ON `schema_migrations` (`version`)
  [1m[36m (34.0ms)[0m  [1mSELECT `schema_migrations`.`version` FROM `schema_migrations` [0m
Connecting to database specified by database.yml
  [1m[36m (1.6ms)[0m  [1mSELECT `schema_migrations`.`version` FROM `schema_migrations` [0m
Connecting to database specified by database.yml
  [1m[36m (25.3ms)[0m  [1mSELECT `schema_migrations`.`version` FROM `schema_migrations` [0m
Connecting to database specified by database.yml
  [1m[36m (26.4ms)[0m  [1mSELECT `schema_migrations`.`version` FROM `schema_migrations` [0m
Connecting to database specified by database.yml
  [1m[36m (24.7ms)[0m  [1mSELECT `schema_migrations`.`version` FROM `schema_migrations` [0m
Connecting to database specified by database.yml
  [1m[36m (25.0ms)[0m  [1mSELECT `schema_migrations`.`version` FROM `schema_migrations` [0m
Connecting to database specified by database.yml
  [1m[36m (24.9ms)[0m  [1mSELECT `schema_migrations`.`version` FROM `schema_migrations` [0m
Connecting to database specified by database.yml
  [1m[36m (25.7ms)[0m  [1mSELECT `schema_migrations`.`version` FROM `schema_migrations` [0m
Connecting to database specified by database.yml
Connecting to database specified by database.yml
  [1m[36m (104.8ms)[0m  [1mCREATE TABLE `schema_migrations` (`version` varchar(255) NOT NULL) ENGINE=InnoDB[0m
  [1m[35m (243.4ms)[0m  CREATE UNIQUE INDEX `unique_schema_migrations` ON `schema_migrations` (`version`)
  [1m[36m (1.9ms)[0m  [1mSELECT `schema_migrations`.`version` FROM `schema_migrations` [0m
Connecting to database specified by database.yml
  [1m[36m (24.4ms)[0m  [1mSELECT `schema_migrations`.`version` FROM `schema_migrations` [0m
Connecting to database specified by database.yml
  [1m[36m (26.4ms)[0m  [1mSELECT `schema_migrations`.`version` FROM `schema_migrations` [0m
Connecting to database specified by database.yml
  [1m[36m (24.7ms)[0m  [1mSELECT `schema_migrations`.`version` FROM `schema_migrations` [0m
  [1m[35m (0.6ms)[0m  DROP DATABASE IF EXISTS `tech_lending_test`
  [1m[36m (0.4ms)[0m  [1mCREATE DATABASE `tech_lending_test` DEFAULT CHARACTER SET `utf8` COLLATE `utf8_unicode_ci`[0m
  [1m[35m (46.2ms)[0m  CREATE TABLE `schema_migrations` (`version` varchar(255) NOT NULL) ENGINE=InnoDB
  [1m[36m (145.4ms)[0m  [1mCREATE UNIQUE INDEX `unique_schema_migrations` ON `schema_migrations` (`version`)[0m
  [1m[35m (0.4ms)[0m  SELECT version FROM `schema_migrations`
  [1m[36m (0.8ms)[0m  [1mINSERT INTO `schema_migrations` (version) VALUES ('0')[0m
Connecting to database specified by database.yml
  [1m[36m (20.3ms)[0m  [1mSELECT `schema_migrations`.`version` FROM `schema_migrations` [0m
Connecting to database specified by database.yml
Connecting to database specified by database.yml
Connecting to database specified by database.yml
Connecting to database specified by database.yml
  [1m[36m (1.9ms)[0m  [1mSELECT `schema_migrations`.`version` FROM `schema_migrations` [0m
Migrating to CreateItems (20120929182215)
  [1m[35m (62.3ms)[0m  CREATE TABLE `items` (`id` int(11) DEFAULT NULL auto_increment PRIMARY KEY, `location` varchar(255), `name` varchar(255), `created_at` datetime NOT NULL, `updated_at` datetime NOT NULL) ENGINE=InnoDB
  [1m[36m (0.8ms)[0m  [1mINSERT INTO `schema_migrations` (`version`) VALUES ('20120929182215')[0m
  [1m[35m (0.4ms)[0m  SELECT `schema_migrations`.`version` FROM `schema_migrations` 


Started GET "/items" for 127.0.0.1 at 2012-09-29 14:23:32 -0400
Connecting to database specified by database.yml
Processing by ItemsController#index as HTML
  [1m[36mItem Load (0.2ms)[0m  [1mSELECT `items`.* FROM `items` [0m
  Rendered items/index.html.erb within layouts/application (4.3ms)
Compiled items.css  (20ms)  (pid 68233)
Compiled scaffolds.css  (14ms)  (pid 68233)
Compiled application.css  (51ms)  (pid 68233)
Compiled jquery.js  (5ms)  (pid 68233)
Compiled jquery_ujs.js  (0ms)  (pid 68233)
Compiled items.js  (245ms)  (pid 68233)
Compiled application.js  (296ms)  (pid 68233)
Completed 200 OK in 619ms (Views: 543.6ms | ActiveRecord: 2.3ms)


Started GET "/assets/items.css?body=1" for 127.0.0.1 at 2012-09-29 14:23:33 -0400
Served asset /items.css - 200 OK (2ms)


Started GET "/assets/scaffolds.css?body=1" for 127.0.0.1 at 2012-09-29 14:23:33 -0400
Served asset /scaffolds.css - 200 OK (2ms)


Started GET "/assets/jquery.js?body=1" for 127.0.0.1 at 2012-09-29 14:23:33 -0400
Served asset /jquery.js - 200 OK (3ms)


Started GET "/assets/jquery_ujs.js?body=1" for 127.0.0.1 at 2012-09-29 14:23:33 -0400
Served asset /jquery_ujs.js - 200 OK (2ms)


Started GET "/assets/items.js?body=1" for 127.0.0.1 at 2012-09-29 14:23:33 -0400
Served asset /items.js - 200 OK (54ms)


Started GET "/assets/application.js?body=1" for 127.0.0.1 at 2012-09-29 14:23:33 -0400
Served asset /application.js - 200 OK (4ms)


Started GET "/assets/application.css?body=1" for 127.0.0.1 at 2012-09-29 14:23:33 -0400
Served asset /application.css - 200 OK (4ms)
Connecting to database specified by database.yml
  [1m[36m (1.6ms)[0m  [1mSELECT `schema_migrations`.`version` FROM `schema_migrations` [0m
  [1m[35m (0.2ms)[0m  SELECT `schema_migrations`.`version` FROM `schema_migrations` 
Migrating to CreateItems (20120929182215)
  [1m[36m (1.7ms)[0m  [1mDROP TABLE `items`[0m
  [1m[35m (0.9ms)[0m  DELETE FROM `schema_migrations` WHERE `schema_migrations`.`version` = '20120929182215'
  [1m[36m (0.5ms)[0m  [1mSELECT `schema_migrations`.`version` FROM `schema_migrations` [0m
Connecting to database specified by database.yml
Connecting to database specified by database.yml
Connecting to database specified by database.yml
  [1m[36m (1.6ms)[0m  [1mSELECT `schema_migrations`.`version` FROM `schema_migrations` [0m
Migrating to CreateItems (20120929182653)
  [1m[35m (55.8ms)[0m  CREATE TABLE `items` (`id` int(11) DEFAULT NULL auto_increment PRIMARY KEY, `call_number` varchar(255), `name` varchar(255), `location` varchar(255), `created_at` datetime NOT NULL, `updated_at` datetime NOT NULL) ENGINE=InnoDB
  [1m[36m (0.8ms)[0m  [1mINSERT INTO `schema_migrations` (`version`) VALUES ('20120929182653')[0m
  [1m[35m (0.5ms)[0m  SELECT `schema_migrations`.`version` FROM `schema_migrations` 


Started GET "/items" for 127.0.0.1 at 2012-09-29 14:27:22 -0400
Connecting to database specified by database.yml
Processing by ItemsController#index as HTML
  [1m[36mItem Load (0.2ms)[0m  [1mSELECT `items`.* FROM `items` [0m
  Rendered items/index.html.erb within layouts/application (4.1ms)
Completed 200 OK in 87ms (Views: 34.4ms | ActiveRecord: 2.2ms)


Started GET "/assets/application.css?body=1" for 127.0.0.1 at 2012-09-29 14:27:23 -0400
Served asset /application.css - 304 Not Modified (8ms)


Started GET "/assets/items.css?body=1" for 127.0.0.1 at 2012-09-29 14:27:23 -0400
Served asset /items.css - 304 Not Modified (6ms)


Started GET "/assets/scaffolds.css?body=1" for 127.0.0.1 at 2012-09-29 14:27:23 -0400
Served asset /scaffolds.css - 304 Not Modified (3ms)


Started GET "/assets/jquery.js?body=1" for 127.0.0.1 at 2012-09-29 14:27:23 -0400
Served asset /jquery.js - 304 Not Modified (2ms)


Started GET "/assets/jquery_ujs.js?body=1" for 127.0.0.1 at 2012-09-29 14:27:23 -0400
Served asset /jquery_ujs.js - 304 Not Modified (2ms)


Started GET "/assets/items.js?body=1" for 127.0.0.1 at 2012-09-29 14:27:23 -0400
Served asset /items.js - 304 Not Modified (8ms)


Started GET "/assets/application.js?body=1" for 127.0.0.1 at 2012-09-29 14:27:23 -0400
Served asset /application.js - 304 Not Modified (5ms)
Connecting to database specified by database.yml
Connecting to database specified by database.yml
  [1m[36m (25.4ms)[0m  [1mSELECT `schema_migrations`.`version` FROM `schema_migrations` [0m
Migrating to CreateItems (20120929182653)
Migrating to CreateCheckouts (20120929203418)
Connecting to database specified by database.yml
Connecting to database specified by database.yml
Connecting to database specified by database.yml
  [1m[36m (24.4ms)[0m  [1mSELECT `schema_migrations`.`version` FROM `schema_migrations` [0m
Migrating to CreateItems (20120929182653)
Migrating to CreateCheckouts (20120929203706)
  [1m[35m (47.0ms)[0m  CREATE TABLE `checkouts` (`id` int(11) DEFAULT NULL auto_increment PRIMARY KEY, `item_id` int(11), `date` date, `start_time` datetime, `end_time` datetime, `duration` int(11), `patron_status` varchar(255), `patron_college` varchar(255), `renewals` int(11), `created_at` datetime NOT NULL, `updated_at` datetime NOT NULL) ENGINE=InnoDB
  [1m[36m (0.8ms)[0m  [1mINSERT INTO `schema_migrations` (`version`) VALUES ('20120929203706')[0m
  [1m[35m (0.5ms)[0m  SELECT `schema_migrations`.`version` FROM `schema_migrations` 
Connecting to database specified by database.yml
  [1m[36m (28.9ms)[0m  [1mSELECT `schema_migrations`.`version` FROM `schema_migrations` [0m
  [1m[35m (53.6ms)[0m  DROP DATABASE IF EXISTS `tech_lending_test`
  [1m[36m (0.4ms)[0m  [1mCREATE DATABASE `tech_lending_test` DEFAULT CHARACTER SET `utf8` COLLATE `utf8_unicode_ci`[0m
  [1m[35m (134.3ms)[0m  CREATE TABLE `checkouts` (`id` int(11) DEFAULT NULL auto_increment PRIMARY KEY, `item_id` int(11), `date` date, `start_time` datetime, `end_time` datetime, `duration` int(11), `patron_status` varchar(255), `patron_college` varchar(255), `renewals` int(11), `created_at` datetime NOT NULL, `updated_at` datetime NOT NULL) ENGINE=InnoDB
  [1m[36m (212.0ms)[0m  [1mCREATE TABLE `items` (`id` int(11) DEFAULT NULL auto_increment PRIMARY KEY, `call_number` varchar(255), `name` varchar(255), `location` varchar(255), `created_at` datetime NOT NULL, `updated_at` datetime NOT NULL) ENGINE=InnoDB[0m
  [1m[35m (88.1ms)[0m  CREATE TABLE `schema_migrations` (`version` varchar(255) NOT NULL) ENGINE=InnoDB
  [1m[36m (91.1ms)[0m  [1mCREATE UNIQUE INDEX `unique_schema_migrations` ON `schema_migrations` (`version`)[0m
  [1m[35m (0.4ms)[0m  SELECT version FROM `schema_migrations`
  [1m[36m (0.7ms)[0m  [1mINSERT INTO `schema_migrations` (version) VALUES ('20120929203706')[0m
  [1m[35m (0.6ms)[0m  INSERT INTO `schema_migrations` (version) VALUES ('20120929182653')
Connecting to database specified by database.yml
Connecting to database specified by database.yml
  [1m[36mItem Load (118.5ms)[0m  [1mSELECT `items`.* FROM `items` WHERE `items`.`call_number` = 'IS1' LIMIT 1[0m
Connecting to database specified by database.yml
  [1m[36mItem Load (2.2ms)[0m  [1mSELECT `items`.* FROM `items` WHERE `items`.`call_number` = 'IS1' LIMIT 1[0m
Connecting to database specified by database.yml
  [1m[36mItem Load (1.7ms)[0m  [1mSELECT `items`.* FROM `items` WHERE `items`.`call_number` = 'IQTI-83 PLUS #21290' LIMIT 1[0m
Connecting to database specified by database.yml
  [1m[36mItem Load (2.0ms)[0m  [1mSELECT `items`.* FROM `items` WHERE `items`.`call_number` = 'IQTI-83 PLUS #21290' LIMIT 1[0m
Connecting to database specified by database.yml
  [1m[36mItem Load (1.8ms)[0m  [1mSELECT `items`.* FROM `items` WHERE `items`.`call_number` = 'IQTI-83 PLUS #21290' LIMIT 1[0m
  [1m[35m (0.2ms)[0m  BEGIN
  [1m[36mSQL (0.4ms)[0m  [1mINSERT INTO `items` (`call_number`, `created_at`, `location`, `name`, `updated_at`) VALUES ('IQTI-83 PLUS #21290', '2012-10-07 18:27:37', 'UMDHHILL', 'IQTI-83 PLUS ', '2012-10-07 18:27:37')[0m
  [1m[35m (0.7ms)[0m  COMMIT
  [1m[36m (0.1ms)[0m  [1mBEGIN[0m
  [1m[35m (0.5ms)[0m  UPDATE `items` SET `created_at` = '2012-10-01 00:00:00', `updated_at` = '2012-10-07 18:27:38' WHERE `items`.`id` = 1
  [1m[36m (0.6ms)[0m  [1mCOMMIT[0m
Connecting to database specified by database.yml
  [1m[36mItem Load (1.9ms)[0m  [1mSELECT `items`.* FROM `items` WHERE `items`.`call_number` = 'IQTI-83 PLUS #21290' LIMIT 1[0m
  [1m[35mCheckout Load (0.6ms)[0m  SELECT `checkouts`.* FROM `checkouts` WHERE `checkouts`.`item_id` = 1 ORDER BY `checkouts`.`id` DESC LIMIT 1
Connecting to database specified by database.yml
  [1m[36mItem Load (1.8ms)[0m  [1mSELECT `items`.* FROM `items` WHERE `items`.`call_number` = 'IQTI-83 PLUS #21290' LIMIT 1[0m
  [1m[35mCheckout Load (0.2ms)[0m  SELECT `checkouts`.* FROM `checkouts` WHERE `checkouts`.`item_id` = 1 ORDER BY `checkouts`.`id` DESC LIMIT 1
Connecting to database specified by database.yml
  [1m[36mItem Load (1.9ms)[0m  [1mSELECT `items`.* FROM `items` WHERE `items`.`call_number` = 'IQTI-83 PLUS #21290' LIMIT 1[0m
  [1m[35mCheckout Load (0.3ms)[0m  SELECT `checkouts`.* FROM `checkouts` WHERE `checkouts`.`item_id` = 1 ORDER BY `checkouts`.`id` DESC LIMIT 1
Connecting to database specified by database.yml
  [1m[36mItem Load (2.0ms)[0m  [1mSELECT `items`.* FROM `items` WHERE `items`.`call_number` = 'IQTI-83 PLUS #21290' LIMIT 1[0m
  [1m[35mCheckout Load (0.2ms)[0m  SELECT `checkouts`.* FROM `checkouts` WHERE `checkouts`.`item_id` = 1 ORDER BY `checkouts`.`id` DESC LIMIT 1
Connecting to database specified by database.yml
  [1m[36mItem Load (1.8ms)[0m  [1mSELECT `items`.* FROM `items` WHERE `items`.`call_number` = 'IQTI-83 PLUS #21290' LIMIT 1[0m
  [1m[35mCheckout Load (0.2ms)[0m  SELECT `checkouts`.* FROM `checkouts` WHERE `checkouts`.`item_id` = 1 ORDER BY `checkouts`.`id` DESC LIMIT 1
Connecting to database specified by database.yml
  [1m[36mItem Load (1.8ms)[0m  [1mSELECT `items`.* FROM `items` WHERE `items`.`call_number` = 'IQTI-83 PLUS #21290' LIMIT 1[0m
  [1m[35mCheckout Load (0.3ms)[0m  SELECT `checkouts`.* FROM `checkouts` WHERE `checkouts`.`item_id` = 1 ORDER BY `checkouts`.`id` DESC LIMIT 1
Connecting to database specified by database.yml
  [1m[36mItem Load (1.7ms)[0m  [1mSELECT `items`.* FROM `items` WHERE `items`.`call_number` = 'IQTI-83 PLUS #21290' LIMIT 1[0m
  [1m[35mCheckout Load (0.2ms)[0m  SELECT `checkouts`.* FROM `checkouts` WHERE `checkouts`.`item_id` = 1 ORDER BY `checkouts`.`id` DESC LIMIT 1
Connecting to database specified by database.yml
  [1m[36mItem Load (1.9ms)[0m  [1mSELECT `items`.* FROM `items` WHERE `items`.`call_number` = 'IQTI-83 PLUS #21290' LIMIT 1[0m
  [1m[35mCheckout Load (0.2ms)[0m  SELECT `checkouts`.* FROM `checkouts` WHERE `checkouts`.`item_id` = 1 ORDER BY `checkouts`.`id` DESC LIMIT 1
Connecting to database specified by database.yml
  [1m[36mItem Load (1.7ms)[0m  [1mSELECT `items`.* FROM `items` WHERE `items`.`call_number` = 'IQTI-83 PLUS #21290' LIMIT 1[0m
  [1m[35mCheckout Load (0.2ms)[0m  SELECT `checkouts`.* FROM `checkouts` WHERE `checkouts`.`item_id` = 1 ORDER BY `checkouts`.`id` DESC LIMIT 1
Connecting to database specified by database.yml
  [1m[36mItem Load (1.9ms)[0m  [1mSELECT `items`.* FROM `items` WHERE `items`.`call_number` = 'IQTI-83 PLUS #21290' LIMIT 1[0m
  [1m[35mCheckout Load (0.3ms)[0m  SELECT `checkouts`.* FROM `checkouts` WHERE `checkouts`.`item_id` = 1 ORDER BY `checkouts`.`id` DESC LIMIT 1
Connecting to database specified by database.yml
  [1m[36mItem Load (22.8ms)[0m  [1mSELECT `items`.* FROM `items` WHERE `items`.`call_number` = 'IQTI-83 PLUS #21290' LIMIT 1[0m
  [1m[35mCheckout Load (0.4ms)[0m  SELECT `checkouts`.* FROM `checkouts` WHERE `checkouts`.`item_id` = 1 ORDER BY `checkouts`.`id` DESC LIMIT 1
Connecting to database specified by database.yml
  [1m[36mItem Load (2.1ms)[0m  [1mSELECT `items`.* FROM `items` WHERE `items`.`call_number` = 'IQTI-83 PLUS #21290' LIMIT 1[0m
  [1m[35mCheckout Load (0.2ms)[0m  SELECT `checkouts`.* FROM `checkouts` WHERE `checkouts`.`item_id` = 1 ORDER BY `checkouts`.`id` DESC LIMIT 1
Connecting to database specified by database.yml
  [1m[36mItem Load (2.1ms)[0m  [1mSELECT `items`.* FROM `items` WHERE `items`.`call_number` = 'IQTI-83 PLUS #21290' LIMIT 1[0m
  [1m[35m (0.2ms)[0m  BEGIN
  [1m[36mSQL (0.4ms)[0m  [1mINSERT INTO `items` (`call_number`, `created_at`, `location`, `name`, `updated_at`) VALUES ('IQTI-83 PLUS #21290', '2012-10-07 19:46:17', 'UMDHHILL', 'IQTI-83 PLUS ', '2012-10-07 19:46:17')[0m
  [1m[35m (0.6ms)[0m  COMMIT
Connecting to database specified by database.yml
  [1m[36mItem Load (1.9ms)[0m  [1mSELECT `items`.* FROM `items` WHERE `items`.`call_number` = 'IQTI-83 PLUS #21290' LIMIT 1[0m
  [1m[35m (0.2ms)[0m  BEGIN
  [1m[36mSQL (0.4ms)[0m  [1mINSERT INTO `items` (`call_number`, `created_at`, `location`, `name`, `updated_at`) VALUES ('IQTI-83 PLUS #21290', '2012-10-07 19:48:13', 'UMDHHILL', 'IQTI-83 PLUS ', '2012-10-07 19:48:13')[0m
  [1m[35m (0.6ms)[0m  COMMIT
  [1m[36mItem Load (0.3ms)[0m  [1mSELECT `items`.* FROM `items` WHERE `items`.`call_number` = 'IQIPAD POWER CABLE' LIMIT 1[0m
  [1m[35m (0.2ms)[0m  BEGIN
  [1m[36mSQL (0.3ms)[0m  [1mINSERT INTO `items` (`call_number`, `created_at`, `location`, `name`, `updated_at`) VALUES ('IQIPAD POWER CABLE', '2012-10-07 19:48:13', 'UMDHHILL', 'IQIPAD POWER CABLE', '2012-10-07 19:48:13')[0m
  [1m[35m (0.6ms)[0m  COMMIT
  [1m[36mItem Load (0.3ms)[0m  [1mSELECT `items`.* FROM `items` WHERE `items`.`call_number` = 'UB27695' LIMIT 1[0m
  [1m[35m (0.1ms)[0m  BEGIN
  [1m[36mSQL (0.3ms)[0m  [1mINSERT INTO `items` (`call_number`, `created_at`, `location`, `name`, `updated_at`) VALUES ('UB27695', '2012-10-07 19:48:13', 'UTCHECKEDOUT', 'UB27695', '2012-10-07 19:48:13')[0m
  [1m[35m (14.0ms)[0m  COMMIT
  [1m[36m (1.6ms)[0m  [1mBEGIN[0m
  [1m[35m (0.1ms)[0m  ROLLBACK
Connecting to database specified by database.yml
  [1m[36mItem Load (44.9ms)[0m  [1mSELECT `items`.* FROM `items` WHERE `items`.`call_number` = 'IS1' LIMIT 1[0m
  [1m[35m (0.2ms)[0m  BEGIN
  [1m[36mSQL (0.4ms)[0m  [1mINSERT INTO `items` (`call_number`, `created_at`, `location`, `name`, `updated_at`) VALUES ('IS1', '2012-10-07 22:03:59', 'UB27607', 'IS1', '2012-10-07 22:03:59')[0m
  [1m[35m (0.5ms)[0m  COMMIT
  [1m[36m (0.1ms)[0m  [1mBEGIN[0m
  [1m[35m (0.4ms)[0m  UPDATE `items` SET `created_at` = '2012-10-01 00:00:00', `updated_at` = '2012-10-07 22:03:59' WHERE `items`.`id` = 1
  [1m[36m (24.5ms)[0m  [1mCOMMIT[0m
  [1m[35mItem Load (0.5ms)[0m  SELECT `items`.* FROM `items` WHERE `items`.`call_number` = 'IS11' LIMIT 1
  [1m[36m (0.1ms)[0m  [1mBEGIN[0m
  [1m[35mSQL (0.3ms)[0m  INSERT INTO `items` (`call_number`, `created_at`, `location`, `name`, `updated_at`) VALUES ('IS11', '2012-10-07 22:03:59', 'UB27606', 'IS11', '2012-10-07 22:03:59')
  [1m[36m (0.6ms)[0m  [1mCOMMIT[0m
  [1m[35m (0.1ms)[0m  BEGIN
  [1m[36m (0.3ms)[0m  [1mUPDATE `items` SET `created_at` = '2012-10-01 00:00:00', `updated_at` = '2012-10-07 22:03:59' WHERE `items`.`id` = 2[0m
  [1m[35m (0.5ms)[0m  COMMIT
  [1m[36mItem Load (0.3ms)[0m  [1mSELECT `items`.* FROM `items` WHERE `items`.`call_number` = 'IQGPS RECEIVER 1' LIMIT 1[0m
  [1m[35m (0.1ms)[0m  BEGIN
  [1m[36mSQL (0.3ms)[0m  [1mINSERT INTO `items` (`call_number`, `created_at`, `location`, `name`, `updated_at`) VALUES ('IQGPS RECEIVER 1', '2012-10-07 22:03:59', 'UMDHHILL', 'IQGPS RECEIVER 1', '2012-10-07 22:03:59')[0m
  [1m[35m (0.7ms)[0m  COMMIT
  [1m[36m (0.1ms)[0m  [1mBEGIN[0m
  [1m[35m (0.2ms)[0m  UPDATE `items` SET `created_at` = '2012-10-01 00:00:00', `updated_at` = '2012-10-07 22:03:59' WHERE `items`.`id` = 3
  [1m[36m (0.4ms)[0m  [1mCOMMIT[0m
  [1m[35m (0.2ms)[0m  BEGIN
  [1m[36mSQL (0.4ms)[0m  [1mINSERT INTO `checkouts` (`created_at`, `date`, `duration`, `end_time`, `item_id`, `patron_college`, `patron_status`, `renewals`, `start_time`, `updated_at`) VALUES ('2012-10-07 22:03:59', '2010-08-10', NULL, NULL, 3, 'N/A', 'PEFACULTY', 0, '2010-08-10 08:56:00', '2012-10-07 22:03:59')[0m
  [1m[35m (0.6ms)[0m  COMMIT
  [1m[36m (0.1ms)[0m  [1mBEGIN[0m
  [1m[35m (0.3ms)[0m  UPDATE `checkouts` SET `created_at` = '2012-10-01 00:00:00', `updated_at` = '2012-10-07 22:03:59' WHERE `checkouts`.`id` = 1
  [1m[36m (0.5ms)[0m  [1mCOMMIT[0m
  [1m[35mItem Load (0.3ms)[0m  SELECT `items`.* FROM `items` WHERE `items`.`call_number` = 'IQIPOD TOUCH #21217' LIMIT 1
  [1m[36m (0.1ms)[0m  [1mBEGIN[0m
  [1m[35mSQL (0.2ms)[0m  INSERT INTO `items` (`call_number`, `created_at`, `location`, `name`, `updated_at`) VALUES ('IQIPOD TOUCH #21217', '2012-10-07 22:03:59', 'UMDHHILL', 'IQIPOD TOUCH ', '2012-10-07 22:03:59')
  [1m[36m (0.5ms)[0m  [1mCOMMIT[0m
  [1m[35m (0.1ms)[0m  BEGIN
  [1m[36m (0.3ms)[0m  [1mUPDATE `items` SET `created_at` = '2012-10-01 00:00:00', `updated_at` = '2012-10-07 22:03:59' WHERE `items`.`id` = 4[0m
  [1m[35m (0.6ms)[0m  COMMIT
  [1m[36m (0.1ms)[0m  [1mBEGIN[0m
  [1m[35mSQL (0.3ms)[0m  INSERT INTO `checkouts` (`created_at`, `date`, `duration`, `end_time`, `item_id`, `patron_college`, `patron_status`, `renewals`, `start_time`, `updated_at`) VALUES ('2012-10-07 22:03:59', '2010-08-10', NULL, NULL, 4, 'N/A', 'PEFACULTY', 0, '2010-08-10 09:31:00', '2012-10-07 22:03:59')
  [1m[36m (0.5ms)[0m  [1mCOMMIT[0m
  [1m[35m (0.1ms)[0m  BEGIN
  [1m[36m (0.2ms)[0m  [1mUPDATE `checkouts` SET `created_at` = '2012-10-01 00:00:00', `updated_at` = '2012-10-07 22:03:59' WHERE `checkouts`.`id` = 2[0m
  [1m[35m (0.6ms)[0m  COMMIT
  [1m[36mItem Load (0.2ms)[0m  [1mSELECT `items`.* FROM `items` WHERE `items`.`call_number` = 'IF0' LIMIT 1[0m
  [1m[35m (0.1ms)[0m  BEGIN
  [1m[36mSQL (0.2ms)[0m  [1mINSERT INTO `items` (`call_number`, `created_at`, `location`, `name`, `updated_at`) VALUES ('IF0', '2012-10-07 22:03:59', 'IGEQUIP-4HR', 'IF0', '2012-10-07 22:03:59')[0m
  [1m[35m (0.6ms)[0m  COMMIT
  [1m[36m (0.1ms)[0m  [1mBEGIN[0m
  [1m[35m (0.2ms)[0m  UPDATE `items` SET `created_at` = '2012-10-01 00:00:00', `updated_at` = '2012-10-07 22:03:59' WHERE `items`.`id` = 5
  [1m[36m (0.5ms)[0m  [1mCOMMIT[0m
  [1m[35mItem Load (0.8ms)[0m  SELECT `items`.* FROM `items` WHERE `items`.`call_number` = 'IQKINDLE E-BOOK READER 18' LIMIT 1
  [1m[36m (0.1ms)[0m  [1mBEGIN[0m
  [1m[35mSQL (0.6ms)[0m  INSERT INTO `items` (`call_number`, `created_at`, `location`, `name`, `updated_at`) VALUES ('IQKINDLE E-BOOK READER 18', '2012-10-07 22:03:59', 'UMDHHILL', 'IQKINDLE E-BOOK READER 18', '2012-10-07 22:03:59')
  [1m[36m (1.1ms)[0m  [1mCOMMIT[0m
  [1m[35m (0.1ms)[0m  BEGIN
  [1m[36m (0.3ms)[0m  [1mUPDATE `items` SET `created_at` = '2012-10-01 00:00:00', `updated_at` = '2012-10-07 22:03:59' WHERE `items`.`id` = 6[0m
  [1m[35m (0.5ms)[0m  COMMIT
  [1m[36m (0.1ms)[0m  [1mBEGIN[0m
  [1m[35mSQL (0.2ms)[0m  INSERT INTO `checkouts` (`created_at`, `date`, `duration`, `end_time`, `item_id`, `patron_college`, `patron_status`, `renewals`, `start_time`, `updated_at`) VALUES ('2012-10-07 22:03:59', '2010-08-10', NULL, NULL, 6, 'N/A', 'PEFACULTY', 0, '2010-08-10 10:13:00', '2012-10-07 22:03:59')
  [1m[36m (0.5ms)[0m  [1mCOMMIT[0m
  [1m[35m (0.1ms)[0m  BEGIN
  [1m[36m (0.2ms)[0m  [1mUPDATE `checkouts` SET `created_at` = '2012-10-01 00:00:00', `updated_at` = '2012-10-07 22:03:59' WHERE `checkouts`.`id` = 3[0m
  [1m[35m (0.5ms)[0m  COMMIT
  [1m[36mItem Load (0.4ms)[0m  [1mSELECT `items`.* FROM `items` WHERE `items`.`call_number` = 'IQMAC 60W CHARGER 4' LIMIT 1[0m
  [1m[35m (0.9ms)[0m  BEGIN
  [1m[36mSQL (1.2ms)[0m  [1mINSERT INTO `items` (`call_number`, `created_at`, `location`, `name`, `updated_at`) VALUES ('IQMAC 60W CHARGER 4', '2012-10-07 22:03:59', 'UMDHHILL', 'IQMAC 60W CHARGER 4', '2012-10-07 22:03:59')[0m
  [1m[35m (2.1ms)[0m  COMMIT
  [1m[36m (0.2ms)[0m  [1mBEGIN[0m
  [1m[35m (0.4ms)[0m  UPDATE `items` SET `created_at` = '2012-10-01 00:00:00', `updated_at` = '2012-10-07 22:03:59' WHERE `items`.`id` = 7
  [1m[36m (0.7ms)[0m  [1mCOMMIT[0m
  [1m[35m (0.1ms)[0m  BEGIN
  [1m[36mSQL (0.5ms)[0m  [1mINSERT INTO `checkouts` (`created_at`, `date`, `duration`, `end_time`, `item_id`, `patron_college`, `patron_status`, `renewals`, `start_time`, `updated_at`) VALUES ('2012-10-07 22:03:59', '2010-08-10', NULL, NULL, 7, 'N/A', 'PESTAFF', 0, '2010-08-10 10:23:00', '2012-10-07 22:03:59')[0m
  [1m[35m (0.5ms)[0m  COMMIT
  [1m[36m (0.1ms)[0m  [1mBEGIN[0m
  [1m[35m (0.3ms)[0m  UPDATE `checkouts` SET `created_at` = '2012-10-01 00:00:00', `updated_at` = '2012-10-07 22:03:59' WHERE `checkouts`.`id` = 4
  [1m[36m (0.6ms)[0m  [1mCOMMIT[0m
  [1m[35mItem Load (0.3ms)[0m  SELECT `items`.* FROM `items` WHERE `items`.`call_number` = 'IQMACBOOK #20080' LIMIT 1
  [1m[36m (0.1ms)[0m  [1mBEGIN[0m
  [1m[35mSQL (0.2ms)[0m  INSERT INTO `items` (`call_number`, `created_at`, `location`, `name`, `updated_at`) VALUES ('IQMACBOOK #20080', '2012-10-07 22:03:59', 'UMDHHILL', 'IQMACBOOK ', '2012-10-07 22:03:59')
  [1m[36m (0.9ms)[0m  [1mCOMMIT[0m
  [1m[35m (0.1ms)[0m  BEGIN
  [1m[36m (0.2ms)[0m  [1mUPDATE `items` SET `created_at` = '2012-10-01 00:00:00', `updated_at` = '2012-10-07 22:03:59' WHERE `items`.`id` = 8[0m
  [1m[35m (0.6ms)[0m  COMMIT
  [1m[36m (0.1ms)[0m  [1mBEGIN[0m
  [1m[35mSQL (0.3ms)[0m  INSERT INTO `checkouts` (`created_at`, `date`, `duration`, `end_time`, `item_id`, `patron_college`, `patron_status`, `renewals`, `start_time`, `updated_at`) VALUES ('2012-10-07 22:03:59', '2010-08-10', NULL, NULL, 8, 'N/A', 'PESTAFF', 0, '2010-08-10 10:23:00', '2012-10-07 22:03:59')
  [1m[36m (0.5ms)[0m  [1mCOMMIT[0m
  [1m[35m (0.1ms)[0m  BEGIN
  [1m[36m (0.3ms)[0m  [1mUPDATE `checkouts` SET `created_at` = '2012-10-01 00:00:00', `updated_at` = '2012-10-07 22:03:59' WHERE `checkouts`.`id` = 5[0m
  [1m[35m (0.5ms)[0m  COMMIT
  [1m[36mItem Load (0.3ms)[0m  [1mSELECT `items`.* FROM `items` WHERE `items`.`call_number` = 'IQKOSS HEADSET W BOOM MIC' LIMIT 1[0m
  [1m[35m (0.1ms)[0m  BEGIN
  [1m[36mSQL (0.3ms)[0m  [1mINSERT INTO `items` (`call_number`, `created_at`, `location`, `name`, `updated_at`) VALUES ('IQKOSS HEADSET W BOOM MIC', '2012-10-07 22:03:59', 'UMDHHILL', 'IQKOSS HEADSET W BOOM MIC', '2012-10-07 22:03:59')[0m
  [1m[35m (0.9ms)[0m  COMMIT
  [1m[36m (0.2ms)[0m  [1mBEGIN[0m
  [1m[35m (0.4ms)[0m  UPDATE `items` SET `created_at` = '2012-10-01 00:00:00', `updated_at` = '2012-10-07 22:03:59' WHERE `items`.`id` = 9
  [1m[36m (0.6ms)[0m  [1mCOMMIT[0m
  [1m[35m (0.1ms)[0m  BEGIN
  [1m[36mSQL (0.2ms)[0m  [1mINSERT INTO `checkouts` (`created_at`, `date`, `duration`, `end_time`, `item_id`, `patron_college`, `patron_status`, `renewals`, `start_time`, `updated_at`) VALUES ('2012-10-07 22:03:59', '2010-08-10', NULL, NULL, 9, 'N/A', 'PESTAFF', 0, '2010-08-10 10:23:00', '2012-10-07 22:03:59')[0m
  [1m[35m (0.6ms)[0m  COMMIT
  [1m[36m (0.1ms)[0m  [1mBEGIN[0m
  [1m[35m (0.2ms)[0m  UPDATE `checkouts` SET `created_at` = '2012-10-01 00:00:00', `updated_at` = '2012-10-07 22:03:59' WHERE `checkouts`.`id` = 6
  [1m[36m (0.5ms)[0m  [1mCOMMIT[0m
  [1m[35mItem Load (0.2ms)[0m  SELECT `items`.* FROM `items` WHERE `items`.`call_number` = 'IS1' LIMIT 1
  [1m[36mCheckout Load (0.6ms)[0m  [1mSELECT `checkouts`.* FROM `checkouts` WHERE `checkouts`.`item_id` = 1 ORDER BY `checkouts`.`id` DESC LIMIT 1[0m
Connecting to database specified by database.yml
  [1m[36mItem Load (24.1ms)[0m  [1mSELECT `items`.* FROM `items` WHERE `items`.`call_number` = 'IQTI-83 PLUS #21290' LIMIT 1[0m
  [1m[35m (0.4ms)[0m  BEGIN
  [1m[36mSQL (0.4ms)[0m  [1mINSERT INTO `items` (`call_number`, `created_at`, `location`, `name`, `updated_at`) VALUES ('IQTI-83 PLUS #21290', '2012-10-07 22:27:57', 'UMDHHILL', 'IQTI-83 PLUS ', '2012-10-07 22:27:57')[0m
  [1m[35m (0.7ms)[0m  COMMIT
  [1m[36m (0.2ms)[0m  [1mBEGIN[0m
  [1m[35m (0.4ms)[0m  UPDATE `items` SET `created_at` = '2012-10-01 00:00:00', `updated_at` = '2012-10-07 22:27:57' WHERE `items`.`id` = 1
  [1m[36m (19.5ms)[0m  [1mCOMMIT[0m
  [1m[35m (0.1ms)[0m  BEGIN
  [1m[36m (0.2ms)[0m  [1mROLLBACK[0m
Connecting to database specified by database.yml
  [1m[36mItem Load (1.9ms)[0m  [1mSELECT `items`.* FROM `items` WHERE `items`.`call_number` = 'IQTI-83 PLUS #21290' LIMIT 1[0m
  [1m[35m (0.1ms)[0m  BEGIN
  [1m[36mSQL (0.4ms)[0m  [1mINSERT INTO `items` (`call_number`, `created_at`, `location`, `name`, `updated_at`) VALUES ('IQTI-83 PLUS #21290', '2012-10-07 22:34:49', 'UMDHHILL', 'IQTI-83 PLUS ', '2012-10-07 22:34:49')[0m
  [1m[35m (0.6ms)[0m  COMMIT
  [1m[36m (0.2ms)[0m  [1mBEGIN[0m
  [1m[35m (0.3ms)[0m  UPDATE `items` SET `created_at` = '2012-10-01 00:00:00', `updated_at` = '2012-10-07 22:34:50' WHERE `items`.`id` = 1
  [1m[36m (0.7ms)[0m  [1mCOMMIT[0m
  [1m[35m (0.2ms)[0m  BEGIN
  [1m[36mSQL (0.4ms)[0m  [1mINSERT INTO `checkouts` (`created_at`, `date`, `duration`, `end_time`, `item_id`, `patron_college`, `patron_status`, `renewals`, `start_time`, `updated_at`) VALUES ('2012-10-07 22:34:50', '2010-08-10', NULL, NULL, 1, 'UNUGS', 'UNDRGRAD', 0, '2010-08-10 07:43:00', '2012-10-07 22:34:50')[0m
  [1m[35m (22.6ms)[0m  COMMIT
  [1m[36m (0.1ms)[0m  [1mBEGIN[0m
  [1m[35m (0.3ms)[0m  UPDATE `checkouts` SET `created_at` = '2012-10-01 00:00:00', `updated_at` = '2012-10-07 22:34:50' WHERE `checkouts`.`id` = 1
  [1m[36m (0.5ms)[0m  [1mCOMMIT[0m
  [1m[35mItem Load (0.3ms)[0m  SELECT `items`.* FROM `items` WHERE `items`.`call_number` = 'IQIPAD POWER CABLE' LIMIT 1
  [1m[36m (0.1ms)[0m  [1mBEGIN[0m
  [1m[35mSQL (0.3ms)[0m  INSERT INTO `items` (`call_number`, `created_at`, `location`, `name`, `updated_at`) VALUES ('IQIPAD POWER CABLE', '2012-10-07 22:34:50', 'UMDHHILL', 'IQIPAD POWER CABLE', '2012-10-07 22:34:50')
  [1m[36m (0.5ms)[0m  [1mCOMMIT[0m
  [1m[35m (0.1ms)[0m  BEGIN
  [1m[36m (0.3ms)[0m  [1mUPDATE `items` SET `created_at` = '2012-10-01 00:00:00', `updated_at` = '2012-10-07 22:34:50' WHERE `items`.`id` = 2[0m
  [1m[35m (0.6ms)[0m  COMMIT
  [1m[36m (0.1ms)[0m  [1mBEGIN[0m
  [1m[35mSQL (0.2ms)[0m  INSERT INTO `checkouts` (`created_at`, `date`, `duration`, `end_time`, `item_id`, `patron_college`, `patron_status`, `renewals`, `start_time`, `updated_at`) VALUES ('2012-10-07 22:34:50', '2010-08-10', NULL, NULL, 2, 'UNBAEMS', 'GRAD', 0, '2010-08-10 08:50:00', '2012-10-07 22:34:50')
  [1m[36m (0.5ms)[0m  [1mCOMMIT[0m
  [1m[35m (0.1ms)[0m  BEGIN
  [1m[36m (0.2ms)[0m  [1mUPDATE `checkouts` SET `created_at` = '2012-10-01 00:00:00', `updated_at` = '2012-10-07 22:34:50' WHERE `checkouts`.`id` = 2[0m
  [1m[35m (0.5ms)[0m  COMMIT
  [1m[36mItem Load (0.4ms)[0m  [1mSELECT `items`.* FROM `items` WHERE `items`.`call_number` = 'IQGPS RECEIVER 1' LIMIT 1[0m
  [1m[35m (0.1ms)[0m  BEGIN
  [1m[36mSQL (0.3ms)[0m  [1mINSERT INTO `items` (`call_number`, `created_at`, `location`, `name`, `updated_at`) VALUES ('IQGPS RECEIVER 1', '2012-10-07 22:34:50', 'UMDHHILL', 'IQGPS RECEIVER 1', '2012-10-07 22:34:50')[0m
  [1m[35m (0.5ms)[0m  COMMIT
  [1m[36m (0.1ms)[0m  [1mBEGIN[0m
  [1m[35m (0.3ms)[0m  UPDATE `items` SET `created_at` = '2012-10-01 00:00:00', `updated_at` = '2012-10-07 22:34:50' WHERE `items`.`id` = 3
  [1m[36m (0.6ms)[0m  [1mCOMMIT[0m
  [1m[35m (0.2ms)[0m  BEGIN
  [1m[36mSQL (0.3ms)[0m  [1mINSERT INTO `checkouts` (`created_at`, `date`, `duration`, `end_time`, `item_id`, `patron_college`, `patron_status`, `renewals`, `start_time`, `updated_at`) VALUES ('2012-10-07 22:34:50', '2010-08-10', NULL, NULL, 3, 'N/A', 'PEFACULTY', 0, '2010-08-10 08:56:00', '2012-10-07 22:34:50')[0m
  [1m[35m (0.5ms)[0m  COMMIT
  [1m[36m (0.1ms)[0m  [1mBEGIN[0m
  [1m[35m (0.3ms)[0m  UPDATE `checkouts` SET `created_at` = '2012-10-01 00:00:00', `updated_at` = '2012-10-07 22:34:50' WHERE `checkouts`.`id` = 3
  [1m[36m (0.5ms)[0m  [1mCOMMIT[0m
  [1m[35mItem Load (0.3ms)[0m  SELECT `items`.* FROM `items` WHERE `items`.`call_number` = 'IQIPOD TOUCH #21217' LIMIT 1
  [1m[36m (0.1ms)[0m  [1mBEGIN[0m
  [1m[35mSQL (0.8ms)[0m  INSERT INTO `items` (`call_number`, `created_at`, `location`, `name`, `updated_at`) VALUES ('IQIPOD TOUCH #21217', '2012-10-07 22:34:50', 'UMDHHILL', 'IQIPOD TOUCH ', '2012-10-07 22:34:50')
  [1m[36m (0.5ms)[0m  [1mCOMMIT[0m
  [1m[35m (0.2ms)[0m  BEGIN
  [1m[36m (0.3ms)[0m  [1mUPDATE `items` SET `created_at` = '2012-10-01 00:00:00', `updated_at` = '2012-10-07 22:34:50' WHERE `items`.`id` = 4[0m
  [1m[35m (0.5ms)[0m  COMMIT
  [1m[36m (0.1ms)[0m  [1mBEGIN[0m
  [1m[35mSQL (0.3ms)[0m  INSERT INTO `checkouts` (`created_at`, `date`, `duration`, `end_time`, `item_id`, `patron_college`, `patron_status`, `renewals`, `start_time`, `updated_at`) VALUES ('2012-10-07 22:34:50', '2010-08-10', NULL, NULL, 4, 'N/A', 'PEFACULTY', 0, '2010-08-10 09:31:00', '2012-10-07 22:34:50')
  [1m[36m (0.4ms)[0m  [1mCOMMIT[0m
  [1m[35m (0.1ms)[0m  BEGIN
  [1m[36m (16.0ms)[0m  [1mUPDATE `checkouts` SET `created_at` = '2012-10-01 00:00:00', `updated_at` = '2012-10-07 22:34:50' WHERE `checkouts`.`id` = 4[0m
  [1m[35m (0.6ms)[0m  COMMIT
  [1m[36mItem Load (0.3ms)[0m  [1mSELECT `items`.* FROM `items` WHERE `items`.`call_number` = 'IF0' LIMIT 1[0m
  [1m[35m (0.1ms)[0m  BEGIN
  [1m[36mSQL (0.2ms)[0m  [1mINSERT INTO `items` (`call_number`, `created_at`, `location`, `name`, `updated_at`) VALUES ('IF0', '2012-10-07 22:34:50', 'IGEQUIP-4HR', 'IF0', '2012-10-07 22:34:50')[0m
  [1m[35m (0.5ms)[0m  COMMIT
  [1m[36m (0.1ms)[0m  [1mBEGIN[0m
  [1m[35m (0.2ms)[0m  UPDATE `items` SET `created_at` = '2012-10-01 00:00:00', `updated_at` = '2012-10-07 22:34:50' WHERE `items`.`id` = 5
  [1m[36m (0.6ms)[0m  [1mCOMMIT[0m
  [1m[35mItem Load (0.3ms)[0m  SELECT `items`.* FROM `items` WHERE `items`.`call_number` = 'IQKINDLE E-BOOK READER 18' LIMIT 1
  [1m[36m (0.1ms)[0m  [1mBEGIN[0m
  [1m[35mSQL (0.2ms)[0m  INSERT INTO `items` (`call_number`, `created_at`, `location`, `name`, `updated_at`) VALUES ('IQKINDLE E-BOOK READER 18', '2012-10-07 22:34:50', 'UMDHHILL', 'IQKINDLE E-BOOK READER 18', '2012-10-07 22:34:50')
  [1m[36m (0.9ms)[0m  [1mCOMMIT[0m
  [1m[35m (0.1ms)[0m  BEGIN
  [1m[36m (0.2ms)[0m  [1mUPDATE `items` SET `created_at` = '2012-10-01 00:00:00', `updated_at` = '2012-10-07 22:34:50' WHERE `items`.`id` = 6[0m
  [1m[35m (0.5ms)[0m  COMMIT
  [1m[36m (0.1ms)[0m  [1mBEGIN[0m
  [1m[35mSQL (0.2ms)[0m  INSERT INTO `checkouts` (`created_at`, `date`, `duration`, `end_time`, `item_id`, `patron_college`, `patron_status`, `renewals`, `start_time`, `updated_at`) VALUES ('2012-10-07 22:34:50', '2010-08-10', NULL, NULL, 6, 'N/A', 'PEFACULTY', 0, '2010-08-10 10:13:00', '2012-10-07 22:34:50')
  [1m[36m (0.5ms)[0m  [1mCOMMIT[0m
  [1m[35m (0.1ms)[0m  BEGIN
  [1m[36m (0.2ms)[0m  [1mUPDATE `checkouts` SET `created_at` = '2012-10-01 00:00:00', `updated_at` = '2012-10-07 22:34:50' WHERE `checkouts`.`id` = 5[0m
  [1m[35m (0.5ms)[0m  COMMIT
  [1m[36mItem Load (0.3ms)[0m  [1mSELECT `items`.* FROM `items` WHERE `items`.`call_number` = 'IQMAC 60W CHARGER 4' LIMIT 1[0m
  [1m[35m (0.1ms)[0m  BEGIN
  [1m[36mSQL (0.3ms)[0m  [1mINSERT INTO `items` (`call_number`, `created_at`, `location`, `name`, `updated_at`) VALUES ('IQMAC 60W CHARGER 4', '2012-10-07 22:34:50', 'UMDHHILL', 'IQMAC 60W CHARGER 4', '2012-10-07 22:34:50')[0m
  [1m[35m (0.6ms)[0m  COMMIT
  [1m[36m (0.1ms)[0m  [1mBEGIN[0m
  [1m[35m (0.7ms)[0m  UPDATE `items` SET `created_at` = '2012-10-01 00:00:00', `updated_at` = '2012-10-07 22:34:50' WHERE `items`.`id` = 7
  [1m[36m (1.0ms)[0m  [1mCOMMIT[0m
  [1m[35m (0.1ms)[0m  BEGIN
  [1m[36mSQL (0.3ms)[0m  [1mINSERT INTO `checkouts` (`created_at`, `date`, `duration`, `end_time`, `item_id`, `patron_college`, `patron_status`, `renewals`, `start_time`, `updated_at`) VALUES ('2012-10-07 22:34:50', '2010-08-10', NULL, NULL, 7, 'N/A', 'PESTAFF', 0, '2010-08-10 10:23:00', '2012-10-07 22:34:50')[0m
  [1m[35m (0.7ms)[0m  COMMIT
  [1m[36m (0.1ms)[0m  [1mBEGIN[0m
  [1m[35m (0.4ms)[0m  UPDATE `checkouts` SET `created_at` = '2012-10-01 00:00:00', `updated_at` = '2012-10-07 22:34:50' WHERE `checkouts`.`id` = 6
  [1m[36m (0.5ms)[0m  [1mCOMMIT[0m
  [1m[35mItem Load (0.4ms)[0m  SELECT `items`.* FROM `items` WHERE `items`.`call_number` = 'IQMACBOOK #20080' LIMIT 1
  [1m[36m (0.2ms)[0m  [1mBEGIN[0m
  [1m[35mSQL (0.5ms)[0m  INSERT INTO `items` (`call_number`, `created_at`, `location`, `name`, `updated_at`) VALUES ('IQMACBOOK #20080', '2012-10-07 22:34:50', 'UMDHHILL', 'IQMACBOOK ', '2012-10-07 22:34:50')
  [1m[36m (0.7ms)[0m  [1mCOMMIT[0m
  [1m[35m (0.2ms)[0m  BEGIN
  [1m[36m (0.3ms)[0m  [1mUPDATE `items` SET `created_at` = '2012-10-01 00:00:00', `updated_at` = '2012-10-07 22:34:50' WHERE `items`.`id` = 8[0m
  [1m[35m (0.5ms)[0m  COMMIT
  [1m[36m (0.9ms)[0m  [1mBEGIN[0m
  [1m[35mSQL (0.4ms)[0m  INSERT INTO `checkouts` (`created_at`, `date`, `duration`, `end_time`, `item_id`, `patron_college`, `patron_status`, `renewals`, `start_time`, `updated_at`) VALUES ('2012-10-07 22:34:50', '2010-08-10', NULL, NULL, 8, 'N/A', 'PESTAFF', 0, '2010-08-10 10:23:00', '2012-10-07 22:34:50')
  [1m[36m (0.9ms)[0m  [1mCOMMIT[0m
  [1m[35m (0.1ms)[0m  BEGIN
  [1m[36m (0.3ms)[0m  [1mUPDATE `checkouts` SET `created_at` = '2012-10-01 00:00:00', `updated_at` = '2012-10-07 22:34:50' WHERE `checkouts`.`id` = 7[0m
  [1m[35m (0.5ms)[0m  COMMIT
  [1m[36mItem Load (0.3ms)[0m  [1mSELECT `items`.* FROM `items` WHERE `items`.`call_number` = 'IQKOSS HEADSET W BOOM MIC' LIMIT 1[0m
  [1m[35m (0.1ms)[0m  BEGIN
  [1m[36mSQL (0.2ms)[0m  [1mINSERT INTO `items` (`call_number`, `created_at`, `location`, `name`, `updated_at`) VALUES ('IQKOSS HEADSET W BOOM MIC', '2012-10-07 22:34:50', 'UMDHHILL', 'IQKOSS HEADSET W BOOM MIC', '2012-10-07 22:34:50')[0m
  [1m[35m (0.6ms)[0m  COMMIT
  [1m[36m (0.1ms)[0m  [1mBEGIN[0m
  [1m[35m (0.3ms)[0m  UPDATE `items` SET `created_at` = '2012-10-01 00:00:00', `updated_at` = '2012-10-07 22:34:50' WHERE `items`.`id` = 9
  [1m[36m (0.5ms)[0m  [1mCOMMIT[0m
  [1m[35m (0.2ms)[0m  BEGIN
  [1m[36mSQL (0.3ms)[0m  [1mINSERT INTO `checkouts` (`created_at`, `date`, `duration`, `end_time`, `item_id`, `patron_college`, `patron_status`, `renewals`, `start_time`, `updated_at`) VALUES ('2012-10-07 22:34:50', '2010-08-10', NULL, NULL, 9, 'N/A', 'PESTAFF', 0, '2010-08-10 10:23:00', '2012-10-07 22:34:50')[0m
  [1m[35m (0.5ms)[0m  COMMIT
  [1m[36m (0.1ms)[0m  [1mBEGIN[0m
  [1m[35m (0.3ms)[0m  UPDATE `checkouts` SET `created_at` = '2012-10-01 00:00:00', `updated_at` = '2012-10-07 22:34:50' WHERE `checkouts`.`id` = 8
  [1m[36m (0.5ms)[0m  [1mCOMMIT[0m
  [1m[35mItem Load (0.3ms)[0m  SELECT `items`.* FROM `items` WHERE `items`.`call_number` = 'IQLENOVO R400 #20421' LIMIT 1
  [1m[36m (0.1ms)[0m  [1mBEGIN[0m
  [1m[35mSQL (0.2ms)[0m  INSERT INTO `items` (`call_number`, `created_at`, `location`, `name`, `updated_at`) VALUES ('IQLENOVO R400 #20421', '2012-10-07 22:34:50', 'UMDHHILL', 'IQLENOVO R400 ', '2012-10-07 22:34:50')
  [1m[36m (0.6ms)[0m  [1mCOMMIT[0m
  [1m[35m (0.1ms)[0m  BEGIN
  [1m[36m (0.2ms)[0m  [1mUPDATE `items` SET `created_at` = '2012-10-01 00:00:00', `updated_at` = '2012-10-07 22:34:50' WHERE `items`.`id` = 10[0m
  [1m[35m (0.5ms)[0m  COMMIT
  [1m[36m (0.1ms)[0m  [1mBEGIN[0m
  [1m[35mSQL (0.3ms)[0m  INSERT INTO `checkouts` (`created_at`, `date`, `duration`, `end_time`, `item_id`, `patron_college`, `patron_status`, `renewals`, `start_time`, `updated_at`) VALUES ('2012-10-07 22:34:50', '2010-08-10', NULL, NULL, 10, 'UNIEMS', 'GRAD', 0, '2010-08-10 10:24:00', '2012-10-07 22:34:50')
  [1m[36m (0.5ms)[0m  [1mCOMMIT[0m
  [1m[35m (0.1ms)[0m  BEGIN
  [1m[36m (0.3ms)[0m  [1mUPDATE `checkouts` SET `created_at` = '2012-10-01 00:00:00', `updated_at` = '2012-10-07 22:34:50' WHERE `checkouts`.`id` = 9[0m
  [1m[35m (0.5ms)[0m  COMMIT
  [1m[36mItem Load (0.3ms)[0m  [1mSELECT `items`.* FROM `items` WHERE `items`.`call_number` = 'IQLENOVO NETBOOK X100E CHARGER' LIMIT 1[0m
  [1m[35m (0.1ms)[0m  BEGIN
  [1m[36mSQL (0.3ms)[0m  [1mINSERT INTO `items` (`call_number`, `created_at`, `location`, `name`, `updated_at`) VALUES ('IQLENOVO NETBOOK X100E CHARGER', '2012-10-07 22:34:50', 'UMDHHILL', 'IQLENOVO NETBOOK X100E CHARGER', '2012-10-07 22:34:50')[0m
  [1m[35m (0.4ms)[0m  COMMIT
  [1m[36m (0.1ms)[0m  [1mBEGIN[0m
  [1m[35m (0.3ms)[0m  UPDATE `items` SET `created_at` = '2012-10-01 00:00:00', `updated_at` = '2012-10-07 22:34:50' WHERE `items`.`id` = 11
  [1m[36m (0.5ms)[0m  [1mCOMMIT[0m
  [1m[35m (0.1ms)[0m  BEGIN
  [1m[36mSQL (0.3ms)[0m  [1mINSERT INTO `checkouts` (`created_at`, `date`, `duration`, `end_time`, `item_id`, `patron_college`, `patron_status`, `renewals`, `start_time`, `updated_at`) VALUES ('2012-10-07 22:34:50', '2010-08-10', NULL, NULL, 11, 'UNIEMS', 'GRAD', 0, '2010-08-10 10:24:00', '2012-10-07 22:34:50')[0m
  [1m[35m (0.5ms)[0m  COMMIT
  [1m[36m (0.1ms)[0m  [1mBEGIN[0m
  [1m[35m (0.3ms)[0m  UPDATE `checkouts` SET `created_at` = '2012-10-01 00:00:00', `updated_at` = '2012-10-07 22:34:50' WHERE `checkouts`.`id` = 10
  [1m[36m (0.5ms)[0m  [1mCOMMIT[0m
  [1m[35mItem Load (0.5ms)[0m  SELECT `items`.* FROM `items` WHERE `items`.`call_number` = 'IQXX(2273423.2)' LIMIT 1
  [1m[36m (0.1ms)[0m  [1mBEGIN[0m
  [1m[35mSQL (0.5ms)[0m  INSERT INTO `items` (`call_number`, `created_at`, `location`, `name`, `updated_at`) VALUES ('IQXX(2273423.2)', '2012-10-07 22:34:50', 'UMDHHILL', 'IQXX(2273423.2)', '2012-10-07 22:34:50')
  [1m[36m (4.3ms)[0m  [1mCOMMIT[0m
  [1m[35m (0.1ms)[0m  BEGIN
  [1m[36m (0.3ms)[0m  [1mUPDATE `items` SET `created_at` = '2012-10-01 00:00:00', `updated_at` = '2012-10-07 22:34:50' WHERE `items`.`id` = 12[0m
  [1m[35m (0.8ms)[0m  COMMIT
  [1m[36m (0.1ms)[0m  [1mBEGIN[0m
  [1m[35mSQL (0.3ms)[0m  INSERT INTO `checkouts` (`created_at`, `date`, `duration`, `end_time`, `item_id`, `patron_college`, `patron_status`, `renewals`, `start_time`, `updated_at`) VALUES ('2012-10-07 22:34:50', '2010-08-10', NULL, NULL, 12, 'N/A', 'PEUNDERGRAD', 0, '2010-08-10 11:01:00', '2012-10-07 22:34:50')
  [1m[36m (0.5ms)[0m  [1mCOMMIT[0m
  [1m[35m (0.1ms)[0m  BEGIN
  [1m[36m (0.3ms)[0m  [1mUPDATE `checkouts` SET `created_at` = '2012-10-01 00:00:00', `updated_at` = '2012-10-07 22:34:50' WHERE `checkouts`.`id` = 11[0m
  [1m[35m (0.5ms)[0m  COMMIT
  [1m[36mItem Load (0.3ms)[0m  [1mSELECT `items`.* FROM `items` WHERE `items`.`call_number` = 'IQLENOVO R400 #20434' LIMIT 1[0m
  [1m[35m (0.4ms)[0m  BEGIN
  [1m[36mSQL (0.3ms)[0m  [1mINSERT INTO `items` (`call_number`, `created_at`, `location`, `name`, `updated_at`) VALUES ('IQLENOVO R400 #20434', '2012-10-07 22:34:50', 'UMDHHILL', 'IQLENOVO R400 ', '2012-10-07 22:34:50')[0m
  [1m[35m (1.1ms)[0m  COMMIT
  [1m[36m (0.1ms)[0m  [1mBEGIN[0m
  [1m[35m (0.3ms)[0m  UPDATE `items` SET `created_at` = '2012-10-01 00:00:00', `updated_at` = '2012-10-07 22:34:50' WHERE `items`.`id` = 13
  [1m[36m (0.5ms)[0m  [1mCOMMIT[0m
  [1m[35m (0.1ms)[0m  BEGIN
  [1m[36mSQL (0.3ms)[0m  [1mINSERT INTO `checkouts` (`created_at`, `date`, `duration`, `end_time`, `item_id`, `patron_college`, `patron_status`, `renewals`, `start_time`, `updated_at`) VALUES ('2012-10-07 22:34:50', '2010-08-10', NULL, NULL, 13, 'N/A', 'PEUNDERGRAD', 0, '2010-08-10 11:01:00', '2012-10-07 22:34:50')[0m
  [1m[35m (0.5ms)[0m  COMMIT
  [1m[36m (0.1ms)[0m  [1mBEGIN[0m
  [1m[35m (0.2ms)[0m  UPDATE `checkouts` SET `created_at` = '2012-10-01 00:00:00', `updated_at` = '2012-10-07 22:34:50' WHERE `checkouts`.`id` = 12
  [1m[36m (0.4ms)[0m  [1mCOMMIT[0m
  [1m[35mItem Load (0.3ms)[0m  SELECT `items`.* FROM `items` WHERE `items`.`call_number` = 'IQMACBOOK #20074' LIMIT 1
  [1m[36m (0.8ms)[0m  [1mBEGIN[0m
  [1m[35mSQL (0.3ms)[0m  INSERT INTO `items` (`call_number`, `created_at`, `location`, `name`, `updated_at`) VALUES ('IQMACBOOK #20074', '2012-10-07 22:34:50', 'UMDHHILL', 'IQMACBOOK ', '2012-10-07 22:34:50')
  [1m[36m (0.5ms)[0m  [1mCOMMIT[0m
  [1m[35m (0.1ms)[0m  BEGIN
  [1m[36m (1.2ms)[0m  [1mUPDATE `items` SET `created_at` = '2012-10-01 00:00:00', `updated_at` = '2012-10-07 22:34:50' WHERE `items`.`id` = 14[0m
  [1m[35m (0.8ms)[0m  COMMIT
  [1m[36m (0.1ms)[0m  [1mBEGIN[0m
  [1m[35mSQL (0.3ms)[0m  INSERT INTO `checkouts` (`created_at`, `date`, `duration`, `end_time`, `item_id`, `patron_college`, `patron_status`, `renewals`, `start_time`, `updated_at`) VALUES ('2012-10-07 22:34:50', '2010-08-10', NULL, NULL, 14, 'N/A', 'PEUNDERGRAD', 0, '2010-08-10 11:05:00', '2012-10-07 22:34:50')
  [1m[36m (0.5ms)[0m  [1mCOMMIT[0m
  [1m[35m (0.1ms)[0m  BEGIN
  [1m[36m (0.2ms)[0m  [1mUPDATE `checkouts` SET `created_at` = '2012-10-01 00:00:00', `updated_at` = '2012-10-07 22:34:50' WHERE `checkouts`.`id` = 13[0m
  [1m[35m (0.4ms)[0m  COMMIT
  [1m[36mItem Load (0.3ms)[0m  [1mSELECT `items`.* FROM `items` WHERE `items`.`call_number` = 'IQMAC 60W CHARGER 3' LIMIT 1[0m
  [1m[35m (0.5ms)[0m  BEGIN
  [1m[36mSQL (0.3ms)[0m  [1mINSERT INTO `items` (`call_number`, `created_at`, `location`, `name`, `updated_at`) VALUES ('IQMAC 60W CHARGER 3', '2012-10-07 22:34:50', 'UMDHHILL', 'IQMAC 60W CHARGER 3', '2012-10-07 22:34:50')[0m
  [1m[35m (0.5ms)[0m  COMMIT
  [1m[36m (0.2ms)[0m  [1mBEGIN[0m
  [1m[35m (0.4ms)[0m  UPDATE `items` SET `created_at` = '2012-10-01 00:00:00', `updated_at` = '2012-10-07 22:34:50' WHERE `items`.`id` = 15
  [1m[36m (0.6ms)[0m  [1mCOMMIT[0m
  [1m[35m (0.2ms)[0m  BEGIN
  [1m[36mSQL (0.3ms)[0m  [1mINSERT INTO `checkouts` (`created_at`, `date`, `duration`, `end_time`, `item_id`, `patron_college`, `patron_status`, `renewals`, `start_time`, `updated_at`) VALUES ('2012-10-07 22:34:50', '2010-08-10', NULL, NULL, 15, 'N/A', 'PEUNDERGRAD', 0, '2010-08-10 11:05:00', '2012-10-07 22:34:50')[0m
  [1m[35m (0.7ms)[0m  COMMIT
  [1m[36m (0.1ms)[0m  [1mBEGIN[0m
  [1m[35m (0.2ms)[0m  UPDATE `checkouts` SET `created_at` = '2012-10-01 00:00:00', `updated_at` = '2012-10-07 22:34:50' WHERE `checkouts`.`id` = 14
  [1m[36m (0.6ms)[0m  [1mCOMMIT[0m
  [1m[35mItem Load (0.3ms)[0m  SELECT `items`.* FROM `items` WHERE `items`.`call_number` = 'IQMACBOOK #20087' LIMIT 1
  [1m[36m (0.2ms)[0m  [1mBEGIN[0m
  [1m[35mSQL (0.3ms)[0m  INSERT INTO `items` (`call_number`, `created_at`, `location`, `name`, `updated_at`) VALUES ('IQMACBOOK #20087', '2012-10-07 22:34:50', 'UMDHHILL', 'IQMACBOOK ', '2012-10-07 22:34:50')
  [1m[36m (0.5ms)[0m  [1mCOMMIT[0m
  [1m[35m (0.2ms)[0m  BEGIN
  [1m[36m (30.6ms)[0m  [1mUPDATE `items` SET `created_at` = '2012-10-01 00:00:00', `updated_at` = '2012-10-07 22:34:50' WHERE `items`.`id` = 16[0m
  [1m[35m (0.8ms)[0m  COMMIT
  [1m[36m (0.2ms)[0m  [1mBEGIN[0m
  [1m[35mSQL (0.3ms)[0m  INSERT INTO `checkouts` (`created_at`, `date`, `duration`, `end_time`, `item_id`, `patron_college`, `patron_status`, `renewals`, `start_time`, `updated_at`) VALUES ('2012-10-07 22:34:50', '2010-08-10', NULL, NULL, 16, 'N/A', 'PEUNDERGRAD', 0, '2010-08-10 11:05:00', '2012-10-07 22:34:50')
  [1m[36m (0.5ms)[0m  [1mCOMMIT[0m
  [1m[35m (0.1ms)[0m  BEGIN
  [1m[36m (0.3ms)[0m  [1mUPDATE `checkouts` SET `created_at` = '2012-10-01 00:00:00', `updated_at` = '2012-10-07 22:34:50' WHERE `checkouts`.`id` = 15[0m
  [1m[35m (0.6ms)[0m  COMMIT
  [1m[36mItem Load (1.7ms)[0m  [1mSELECT `items`.* FROM `items` WHERE `items`.`call_number` = 'IQMAC 60W CHARGER 3' LIMIT 1[0m
  [1m[35m (0.2ms)[0m  BEGIN
  [1m[36mSQL (3.8ms)[0m  [1mINSERT INTO `checkouts` (`created_at`, `date`, `duration`, `end_time`, `item_id`, `patron_college`, `patron_status`, `renewals`, `start_time`, `updated_at`) VALUES ('2012-10-07 22:34:50', '2010-08-10', NULL, NULL, 16, 'N/A', 'PEUNDERGRAD', 0, '2010-08-10 11:05:00', '2012-10-07 22:34:50')[0m
  [1m[35m (0.6ms)[0m  COMMIT
  [1m[36m (0.1ms)[0m  [1mBEGIN[0m
  [1m[35m (0.3ms)[0m  UPDATE `checkouts` SET `created_at` = '2012-10-01 00:00:00', `updated_at` = '2012-10-07 22:34:50' WHERE `checkouts`.`id` = 16
  [1m[36m (0.5ms)[0m  [1mCOMMIT[0m
  [1m[35mItem Load (0.3ms)[0m  SELECT `items`.* FROM `items` WHERE `items`.`call_number` = 'IF2003' LIMIT 1
  [1m[36m (0.1ms)[0m  [1mBEGIN[0m
  [1m[35mSQL (0.2ms)[0m  INSERT INTO `items` (`call_number`, `created_at`, `location`, `name`, `updated_at`) VALUES ('IF2003', '2012-10-07 22:34:50', 'IGEQUIP-4HR', 'IF2003', '2012-10-07 22:34:50')
  [1m[36m (6.8ms)[0m  [1mCOMMIT[0m
  [1m[35m (0.1ms)[0m  BEGIN
  [1m[36m (0.3ms)[0m  [1mUPDATE `items` SET `created_at` = '2012-10-01 00:00:00', `updated_at` = '2012-10-07 22:34:50' WHERE `items`.`id` = 17[0m
  [1m[35m (0.5ms)[0m  COMMIT
  [1m[36mItem Load (0.3ms)[0m  [1mSELECT `items`.* FROM `items` WHERE `items`.`call_number` = 'IQLENOVO R400 #20449' LIMIT 1[0m
  [1m[35m (0.1ms)[0m  BEGIN
  [1m[36mSQL (0.3ms)[0m  [1mINSERT INTO `items` (`call_number`, `created_at`, `location`, `name`, `updated_at`) VALUES ('IQLENOVO R400 #20449', '2012-10-07 22:34:50', 'UMDHHILL', 'IQLENOVO R400 ', '2012-10-07 22:34:50')[0m
  [1m[35m (0.5ms)[0m  COMMIT
  [1m[36m (0.1ms)[0m  [1mBEGIN[0m
  [1m[35m (0.3ms)[0m  UPDATE `items` SET `created_at` = '2012-10-01 00:00:00', `updated_at` = '2012-10-07 22:34:50' WHERE `items`.`id` = 18
  [1m[36m (0.6ms)[0m  [1mCOMMIT[0m
  [1m[35m (0.7ms)[0m  BEGIN
  [1m[36mSQL (0.4ms)[0m  [1mINSERT INTO `checkouts` (`created_at`, `date`, `duration`, `end_time`, `item_id`, `patron_college`, `patron_status`, `renewals`, `start_time`, `updated_at`) VALUES ('2012-10-07 22:34:50', '2010-08-10', NULL, NULL, 18, 'N/A', 'PEUNDERGRAD', 0, '2010-08-10 11:53:00', '2012-10-07 22:34:50')[0m
  [1m[35m (0.6ms)[0m  COMMIT
  [1m[36m (0.1ms)[0m  [1mBEGIN[0m
  [1m[35m (0.3ms)[0m  UPDATE `checkouts` SET `created_at` = '2012-10-01 00:00:00', `updated_at` = '2012-10-07 22:34:50' WHERE `checkouts`.`id` = 17
  [1m[36m (0.5ms)[0m  [1mCOMMIT[0m
  [1m[35mItem Load (0.5ms)[0m  SELECT `items`.* FROM `items` WHERE `items`.`call_number` = 'IQLENOVO NETBOOK X100E CHARGER' LIMIT 1
  [1m[36m (0.2ms)[0m  [1mBEGIN[0m
  [1m[35mSQL (0.3ms)[0m  INSERT INTO `checkouts` (`created_at`, `date`, `duration`, `end_time`, `item_id`, `patron_college`, `patron_status`, `renewals`, `start_time`, `updated_at`) VALUES ('2012-10-07 22:34:50', '2010-08-10', NULL, NULL, 18, 'N/A', 'PEUNDERGRAD', 0, '2010-08-10 11:53:00', '2012-10-07 22:34:50')
  [1m[36m (0.5ms)[0m  [1mCOMMIT[0m
  [1m[35m (0.1ms)[0m  BEGIN
  [1m[36m (0.2ms)[0m  [1mUPDATE `checkouts` SET `created_at` = '2012-10-01 00:00:00', `updated_at` = '2012-10-07 22:34:50' WHERE `checkouts`.`id` = 18[0m
  [1m[35m (0.4ms)[0m  COMMIT
  [1m[36mItem Load (0.3ms)[0m  [1mSELECT `items`.* FROM `items` WHERE `items`.`call_number` = 'IF0' LIMIT 1[0m
  [1m[35mCheckout Load (0.3ms)[0m  SELECT `checkouts`.* FROM `checkouts` WHERE `checkouts`.`item_id` = 5 ORDER BY `checkouts`.`id` DESC LIMIT 1
